<?xml version="1.0" encoding="UTF-8"?>
<testng-results ignored="0" total="2" passed="2" failed="0" skipped="0">
  <reporter-output>
  </reporter-output>
  <suite started-at="2023-11-08T12:27:05 IST" name="Suite" finished-at="2023-11-08T12:27:07 IST" duration-ms="2719">
    <groups>
    </groups>
    <test started-at="2023-11-08T12:27:05 IST" name="Test" finished-at="2023-11-08T12:27:07 IST" duration-ms="2719">
      <class name="com.masterUsecse.soapUI.AssertionTestng">
        <test-method signature="testHttpGet()[pri:0, instance:com.masterUsecse.soapUI.AssertionTestng@431cd9b2]" started-at="2023-11-08T12:27:05 IST" name="testHttpGet" finished-at="2023-11-08T12:27:06 IST" duration-ms="1605" status="PASS">
          <reporter-output>
          </reporter-output>
        </test-method> <!-- testHttpGet -->
      </class> <!-- com.masterUsecse.soapUI.AssertionTestng -->
      <class name="com.masterUsecse.soapUI.AssertionTestng$HttpPostTest">
        <test-method signature="testPostRequest()[pri:0, instance:com.masterUsecse.soapUI.AssertionTestng$HttpPostTest@c05fddc]" started-at="2023-11-08T12:27:06 IST" name="testPostRequest" finished-at="2023-11-08T12:27:07 IST" duration-ms="1045" status="PASS">
          <reporter-output>
          </reporter-output>
        </test-method> <!-- testPostRequest -->
      </class> <!-- com.masterUsecse.soapUI.AssertionTestng$HttpPostTest -->
    </test> <!-- Test -->
  </suite> <!-- Suite -->
</testng-results>
