<?xml version="1.0" encoding="UTF-8"?>
<testng-results ignored="0" total="2" passed="2" failed="0" skipped="0">
  <reporter-output>
  </reporter-output>
  <suite started-at="2023-11-08T12:16:23 IST" name="Suite" finished-at="2023-11-08T12:16:26 IST" duration-ms="2676">
    <groups>
    </groups>
    <test started-at="2023-11-08T12:16:23 IST" name="Test" finished-at="2023-11-08T12:16:26 IST" duration-ms="2676">
      <class name="com.masterUsecse.soapUI.AssertionTestng">
        <test-method signature="testHttpGet()[pri:0, instance:com.masterUsecse.soapUI.AssertionTestng@26d9b808]" started-at="2023-11-08T12:16:23 IST" name="testHttpGet" finished-at="2023-11-08T12:16:25 IST" duration-ms="1588" status="PASS">
          <reporter-output>
          </reporter-output>
        </test-method> <!-- testHttpGet -->
      </class> <!-- com.masterUsecse.soapUI.AssertionTestng -->
      <class name="com.masterUsecse.soapUI.AssertionTestng$HttpPostTest">
        <test-method signature="testPostRequest()[pri:0, instance:com.masterUsecse.soapUI.AssertionTestng$HttpPostTest@2cf3d63b]" started-at="2023-11-08T12:16:25 IST" name="testPostRequest" finished-at="2023-11-08T12:16:26 IST" duration-ms="1032" status="PASS">
          <reporter-output>
          </reporter-output>
        </test-method> <!-- testPostRequest -->
      </class> <!-- com.masterUsecse.soapUI.AssertionTestng$HttpPostTest -->
    </test> <!-- Test -->
  </suite> <!-- Suite -->
</testng-results>
