<?xml version="1.0" encoding="UTF-8"?>
<testng-results ignored="0" total="4" passed="4" failed="0" skipped="0">
  <reporter-output>
  </reporter-output>
  <suite started-at="2023-11-17T23:02:27 IST" name="Suite" finished-at="2023-11-17T23:02:30 IST" duration-ms="3214">
    <groups>
      <group name="cucumber">
        <method signature="AbstractTestNGCucumberTests.runScenario(io.cucumber.testng.PickleWrapper,io.cucumber.testng.FeatureWrapper)[pri:0, instance:com.next.cucumberOptions.TestRunner@70cf32e3]" name="runScenario" class="io.cucumber.testng.AbstractTestNGCucumberTests"/>
      </group> <!-- cucumber -->
    </groups>
    <test started-at="2023-11-17T23:02:27 IST" name="Test" finished-at="2023-11-17T23:02:30 IST" duration-ms="3214">
      <class name="com.masterUsecse.soapUI.AssertionTestng">
        <test-method signature="testHttpGet()[pri:0, instance:com.masterUsecse.soapUI.AssertionTestng@2b30a42c]" started-at="2023-11-17T23:02:27 IST" name="testHttpGet" finished-at="2023-11-17T23:02:29 IST" duration-ms="1776" status="PASS">
          <reporter-output>
          </reporter-output>
        </test-method> <!-- testHttpGet -->
      </class> <!-- com.masterUsecse.soapUI.AssertionTestng -->
      <class name="com.masterUsecse.soapUI.AssertionTestng$HttpPostTest">
        <test-method signature="testPostRequest()[pri:0, instance:com.masterUsecse.soapUI.AssertionTestng$HttpPostTest@231f98ef]" started-at="2023-11-17T23:02:27 IST" name="testPostRequest" finished-at="2023-11-17T23:02:29 IST" duration-ms="1776" status="PASS">
          <reporter-output>
          </reporter-output>
        </test-method> <!-- testPostRequest -->
      </class> <!-- com.masterUsecse.soapUI.AssertionTestng$HttpPostTest -->
      <class name="com.next.cucumberOptions.TestRunner">
        <test-method is-config="true" signature="setUpClass(org.testng.ITestContext)[pri:0, instance:com.next.cucumberOptions.TestRunner@70cf32e3]" started-at="2023-11-17T23:02:27 IST" name="setUpClass" finished-at="2023-11-17T23:02:28 IST" duration-ms="952" status="PASS">
          <params>
            <param index="0">
              <value>
                <![CDATA[org.testng.TestRunner@1b410b60]]>
              </value>
            </param>
          </params>
          <reporter-output>
          </reporter-output>
        </test-method> <!-- setUpClass -->
        <test-method signature="runScenario(io.cucumber.testng.PickleWrapper,io.cucumber.testng.FeatureWrapper)[pri:0, instance:com.next.cucumberOptions.TestRunner@70cf32e3]" started-at="2023-11-17T23:02:28 IST" name="runScenario" description="Runs Cucumber Scenarios" data-provider="scenarios" finished-at="2023-11-17T23:02:29 IST" duration-ms="1119" status="PASS">
          <params>
            <param index="0">
              <value>
                <![CDATA["Verify HTTP GET request and response"]]>
              </value>
            </param>
            <param index="1">
              <value>
                <![CDATA["Testing HTTP GET Requests"]]>
              </value>
            </param>
          </params>
          <reporter-output>
          </reporter-output>
        </test-method> <!-- runScenario -->
        <test-method signature="runScenario(io.cucumber.testng.PickleWrapper,io.cucumber.testng.FeatureWrapper)[pri:0, instance:com.next.cucumberOptions.TestRunner@70cf32e3]" started-at="2023-11-17T23:02:29 IST" name="runScenario" description="Runs Cucumber Scenarios" data-provider="scenarios" finished-at="2023-11-17T23:02:30 IST" duration-ms="1007" status="PASS">
          <params>
            <param index="0">
              <value>
                <![CDATA["Verify HTTP post request and response"]]>
              </value>
            </param>
            <param index="1">
              <value>
                <![CDATA["Testing HTTP post Requests"]]>
              </value>
            </param>
          </params>
          <reporter-output>
          </reporter-output>
        </test-method> <!-- runScenario -->
        <test-method is-config="true" signature="tearDownClass()[pri:0, instance:com.next.cucumberOptions.TestRunner@70cf32e3]" started-at="2023-11-17T23:02:30 IST" name="tearDownClass" finished-at="2023-11-17T23:02:30 IST" duration-ms="73" status="PASS">
          <reporter-output>
          </reporter-output>
        </test-method> <!-- tearDownClass -->
      </class> <!-- com.next.cucumberOptions.TestRunner -->
    </test> <!-- Test -->
  </suite> <!-- Suite -->
</testng-results>
