<?xml version="1.0" encoding="UTF-8"?>
<testng-results ignored="0" total="2" passed="2" failed="0" skipped="0">
  <reporter-output>
  </reporter-output>
  <suite started-at="2023-11-17T19:13:47 IST" name="Suite" finished-at="2023-11-17T19:13:50 IST" duration-ms="2163">
    <groups>
    </groups>
    <test started-at="2023-11-17T19:13:47 IST" name="Test" finished-at="2023-11-17T19:13:50 IST" duration-ms="2163">
      <class name="com.masterUsecse.soapUI.AssertionTestng">
        <test-method signature="testHttpGet()[pri:0, instance:com.masterUsecse.soapUI.AssertionTestng@255990cc]" started-at="2023-11-17T19:13:48 IST" name="testHttpGet" finished-at="2023-11-17T19:13:50 IST" duration-ms="2024" status="PASS">
          <reporter-output>
          </reporter-output>
        </test-method> <!-- testHttpGet -->
      </class> <!-- com.masterUsecse.soapUI.AssertionTestng -->
      <class name="com.masterUsecse.soapUI.AssertionTestng$HttpPostTest">
        <test-method signature="testPostRequest()[pri:0, instance:com.masterUsecse.soapUI.AssertionTestng$HttpPostTest@c074c0c]" started-at="2023-11-17T19:13:48 IST" name="testPostRequest" finished-at="2023-11-17T19:13:50 IST" duration-ms="2024" status="PASS">
          <reporter-output>
          </reporter-output>
        </test-method> <!-- testPostRequest -->
      </class> <!-- com.masterUsecse.soapUI.AssertionTestng$HttpPostTest -->
    </test> <!-- Test -->
  </suite> <!-- Suite -->
</testng-results>
