<?xml version="1.0" encoding="UTF-8"?>
<testng-results ignored="0" total="2" passed="2" failed="0" skipped="0">
  <reporter-output>
  </reporter-output>
  <suite started-at="2023-11-07T14:49:07 IST" name="Default suite" finished-at="2023-11-07T14:49:09 IST" duration-ms="2344">
    <groups>
    </groups>
    <test started-at="2023-11-07T14:49:07 IST" name="Default test" finished-at="2023-11-07T14:49:09 IST" duration-ms="2344">
      <class name="com.masterUsecse.soapUI.AssertionTestng">
        <test-method signature="testHttpGet()[pri:0, instance:com.masterUsecse.soapUI.AssertionTestng@1a245833]" started-at="2023-11-07T14:49:07 IST" name="testHttpGet" finished-at="2023-11-07T14:49:08 IST" duration-ms="1392" status="PASS">
          <reporter-output>
          </reporter-output>
        </test-method> <!-- testHttpGet -->
      </class> <!-- com.masterUsecse.soapUI.AssertionTestng -->
      <class name="com.masterUsecse.soapUI.AssertionTestng$HttpPostTest">
        <test-method signature="testPostRequest()[pri:0, instance:com.masterUsecse.soapUI.AssertionTestng$HttpPostTest@5b38c1ec]" started-at="2023-11-07T14:49:08 IST" name="testPostRequest" finished-at="2023-11-07T14:49:09 IST" duration-ms="880" status="PASS">
          <reporter-output>
          </reporter-output>
        </test-method> <!-- testPostRequest -->
      </class> <!-- com.masterUsecse.soapUI.AssertionTestng$HttpPostTest -->
    </test> <!-- Default test -->
  </suite> <!-- Default suite -->
</testng-results>
