<?xml version="1.0" encoding="UTF-8"?>
<!-- Generated by org.testng.reporters.JUnitXMLReporter -->
<testsuite ignored="0" hostname="SRINIVAC01" failures="0" tests="4" name="Default test" time="5.575" errors="0" timestamp="2023-11-17T22:37:19 IST">
  <testcase classname="com.masterUsecse.soapUI.AssertionTestng" name="testHttpGet" time="1.529"/>
  <testcase classname="com.masterUsecse.soapUI.AssertionTestng$HttpPostTest" name="testPostRequest" time="0.979"/>
  <testcase classname="io.cucumber.testng.AbstractTestNGCucumberTests" name="runScenario" time="1.128"/>
  <testcase classname="io.cucumber.testng.AbstractTestNGCucumberTests" name="runScenario" time="1.014"/>
</testsuite> <!-- Default test -->
