<?xml version="1.0" encoding="UTF-8"?>
<!-- Generated by org.testng.reporters.JUnitXMLReporter -->
<testsuite ignored="0" hostname="SRINIVAC01" failures="0" tests="4" name="Test" time="3.214" errors="0" timestamp="2023-11-17T23:02:30 IST">
  <testcase classname="com.masterUsecse.soapUI.AssertionTestng$HttpPostTest" name="testPostRequest" time="1.776"/>
  <testcase classname="com.masterUsecse.soapUI.AssertionTestng" name="testHttpGet" time="1.776"/>
  <testcase classname="io.cucumber.testng.AbstractTestNGCucumberTests" name="runScenario" time="1.119"/>
  <testcase classname="io.cucumber.testng.AbstractTestNGCucumberTests" name="runScenario" time="1.007"/>
</testsuite> <!-- Test -->
