<?xml version="1.0" encoding="UTF-8"?>
<!-- Generated by org.testng.reporters.JUnitXMLReporter -->
<testsuite ignored="0" hostname="SRINIVAC01" failures="0" tests="2" name="Default test" time="2.391" errors="0" timestamp="2023-11-07T18:15:30 IST">
  <testcase classname="com.masterUsecse.soapUI.AssertionTestng" name="testHttpGet" time="1.443"/>
  <testcase classname="com.masterUsecse.soapUI.AssertionTestng$HttpPostTest" name="testPostRequest" time="0.871"/>
</testsuite> <!-- Default test -->
